\BOOKMARK [1][-]{section.1}{America through World War II, Cold War, and Civil Rights Eras}{}% 1
\BOOKMARK [2][-]{subsection.1.1}{Middle of the 20th Century}{section.1}% 2
\BOOKMARK [2][-]{subsection.1.2}{End of the Second World War}{section.1}% 3
\BOOKMARK [2][-]{subsection.1.3}{Liberalization of Trade and Rebuilding of Europe}{section.1}% 4
\BOOKMARK [2][-]{subsection.1.4}{Communism vs. Capitalism and the Cold War}{section.1}% 5
\BOOKMARK [2][-]{subsection.1.5}{The Beginning of the Civil Rights Era}{section.1}% 6
\BOOKMARK [1][-]{section.2}{John Forbes Nash, Jr.}{}% 7
\BOOKMARK [2][-]{subsection.2.1}{Early Life}{section.2}% 8
\BOOKMARK [2][-]{subsection.2.2}{Undergraduate Studies}{section.2}% 9
\BOOKMARK [2][-]{subsection.2.3}{Princeton University}{section.2}% 10
\BOOKMARK [2][-]{subsection.2.4}{The RAND Corporation}{section.2}% 11
\BOOKMARK [2][-]{subsection.2.5}{Family Life and Schizophrenia}{section.2}% 12
\BOOKMARK [2][-]{subsection.2.6}{Later Years}{section.2}% 13
\BOOKMARK [1][-]{section.3}{Equilibria in Strategic Games}{}% 14
\BOOKMARK [2][-]{subsection.3.1}{Introduction to Game Theory \046 Strategic Games}{section.3}% 15
\BOOKMARK [2][-]{subsection.3.2}{Strategic Games}{section.3}% 16
\BOOKMARK [3][-]{subsubsection.3.2.1}{Definitions \046 Notation}{subsection.3.2}% 17
\BOOKMARK [3][-]{subsubsection.3.2.2}{How are Strategic Games Played?}{subsection.3.2}% 18
\BOOKMARK [3][-]{subsubsection.3.2.3}{Examples of Strategic Games}{subsection.3.2}% 19
\BOOKMARK [2][-]{subsection.3.3}{Pure Nash Equilibria}{section.3}% 20
\BOOKMARK [2][-]{subsection.3.4}{Mixed Strategies}{section.3}% 21
\BOOKMARK [2][-]{subsection.3.5}{Mixed Nash Equilibrium in Finite Strategic Games}{section.3}% 22
\BOOKMARK [3][-]{subsubsection.3.5.1}{Definitions and Theorems from Fixed Point Theory}{subsection.3.5}% 23
\BOOKMARK [3][-]{subsubsection.3.5.2}{Support Characterization}{subsection.3.5}% 24
\BOOKMARK [2][-]{subsection.3.6}{Proof of Theorem 2}{section.3}% 25
\BOOKMARK [3][-]{subsubsection.3.6.1}{The Idea}{subsection.3.6}% 26
\BOOKMARK [3][-]{subsubsection.3.6.2}{The Proof}{subsection.3.6}% 27
