This is pdfTeX, Version 3.1415926-2.4-1.40.13 (MiKTeX 2.9 64-bit) (preloaded format=pdflatex 2014.5.6)  6 AUG 2015 13:27
entering extended mode
**CO480*Final*Edition.tex
("C:\Users\BY\Documents\GitHub\CO480-Project\CO480 Final Edition.tex"
LaTeX2e <2011/06/27>
Babel <v3.8m> and hyphenation patterns for english, afrikaans, ancientgreek, ar
abic, armenian, assamese, basque, bengali, bokmal, bulgarian, catalan, coptic, 
croatian, czech, danish, dutch, esperanto, estonian, farsi, finnish, french, ga
lician, german, german-x-2012-05-30, greek, gujarati, hindi, hungarian, iceland
ic, indonesian, interlingua, irish, italian, kannada, kurmanji, latin, latvian,
 lithuanian, malayalam, marathi, mongolian, mongolianlmc, monogreek, ngerman, n
german-x-2012-05-30, nynorsk, oriya, panjabi, pinyin, polish, portuguese, roman
ian, russian, sanskrit, serbian, slovak, slovenian, spanish, swedish, swissgerm
an, tamil, telugu, turkish, turkmen, ukenglish, ukrainian, uppersorbian, usengl
ishmax, welsh, loaded.
("C:\Program Files\MiKTeX 2.9\tex\latex\base\article.cls"
Document Class: article 2007/10/19 v1.4h Standard LaTeX document class
("C:\Program Files\MiKTeX 2.9\tex\latex\base\size12.clo"
File: size12.clo 2007/10/19 v1.4h Standard LaTeX file (size option)
)
\c@part=\count79
\c@section=\count80
\c@subsection=\count81
\c@subsubsection=\count82
\c@paragraph=\count83
\c@subparagraph=\count84
\c@figure=\count85
\c@table=\count86
\abovecaptionskip=\skip41
\belowcaptionskip=\skip42
\bibindent=\dimen102
)
("C:\Program Files\MiKTeX 2.9\tex\latex\preprint\fullpage.sty"
Package: fullpage 1999/02/23 1.1 (PWD)
\FP@margin=\skip43
)
("C:\Program Files\MiKTeX 2.9\tex\latex\ltxmisc\url.sty"
\Urlmuskip=\muskip10
Package: url 2006/04/12  ver 3.3  Verb mode for urls, etc.
)
("C:\Program Files\MiKTeX 2.9\tex\latex\amsfonts\amssymb.sty"
Package: amssymb 2013/01/14 v3.01 AMS font symbols

("C:\Program Files\MiKTeX 2.9\tex\latex\amsfonts\amsfonts.sty"
Package: amsfonts 2013/01/14 v3.01 Basic AMSFonts support
\@emptytoks=\toks14
\symAMSa=\mathgroup4
\symAMSb=\mathgroup5
LaTeX Font Info:    Overwriting math alphabet `\mathfrak' in version `bold'
(Font)                  U/euf/m/n --> U/euf/b/n on input line 106.
))
("C:\Program Files\MiKTeX 2.9\tex\latex\graphics\epsfig.sty"
Package: epsfig 1999/02/16 v1.7a (e)psfig emulation (SPQR)

("C:\Program Files\MiKTeX 2.9\tex\latex\graphics\graphicx.sty"
Package: graphicx 1999/02/16 v1.0f Enhanced LaTeX Graphics (DPC,SPQR)

("C:\Program Files\MiKTeX 2.9\tex\latex\graphics\keyval.sty"
Package: keyval 1999/03/16 v1.13 key=value parser (DPC)
\KV@toks@=\toks15
)
("C:\Program Files\MiKTeX 2.9\tex\latex\graphics\graphics.sty"
Package: graphics 2009/02/05 v1.0o Standard LaTeX Graphics (DPC,SPQR)

("C:\Program Files\MiKTeX 2.9\tex\latex\graphics\trig.sty"
Package: trig 1999/03/16 v1.09 sin cos tan (DPC)
)
("C:\Program Files\MiKTeX 2.9\tex\latex\00miktex\graphics.cfg"
File: graphics.cfg 2007/01/18 v1.5 graphics configuration of teTeX/TeXLive
)
Package graphics Info: Driver file: pdftex.def on input line 91.

("C:\Program Files\MiKTeX 2.9\tex\latex\pdftex-def\pdftex.def"
File: pdftex.def 2011/05/27 v0.06d Graphics/color for pdfTeX

("C:\Program Files\MiKTeX 2.9\tex\generic\oberdiek\infwarerr.sty"
Package: infwarerr 2010/04/08 v1.3 Providing info/warning/error messages (HO)
)
("C:\Program Files\MiKTeX 2.9\tex\generic\oberdiek\ltxcmds.sty"
Package: ltxcmds 2011/11/09 v1.22 LaTeX kernel commands for general use (HO)
)
\Gread@gobject=\count87
))
\Gin@req@height=\dimen103
\Gin@req@width=\dimen104
)
\epsfxsize=\dimen105
\epsfysize=\dimen106
)
("C:\Program Files\MiKTeX 2.9\tex\latex\graphics\color.sty"
Package: color 2005/11/14 v1.0j Standard LaTeX Color (DPC)

("C:\Program Files\MiKTeX 2.9\tex\latex\00miktex\color.cfg"
File: color.cfg 2007/01/18 v1.5 color configuration of teTeX/TeXLive
)
Package color Info: Driver file: pdftex.def on input line 130.
)
("C:\Program Files\MiKTeX 2.9\tex\latex\tools\xspace.sty"
Package: xspace 2009/10/20 v1.13 Space after command names (DPC,MH)
)
("C:\Program Files\MiKTeX 2.9\tex\latex\amsmath\amsmath.sty"
Package: amsmath 2013/01/14 v2.14 AMS math features
\@mathmargin=\skip44

For additional information on amsmath, use the `?' option.
("C:\Program Files\MiKTeX 2.9\tex\latex\amsmath\amstext.sty"
Package: amstext 2000/06/29 v2.01

("C:\Program Files\MiKTeX 2.9\tex\latex\amsmath\amsgen.sty"
File: amsgen.sty 1999/11/30 v2.0
\@emptytoks=\toks16
\ex@=\dimen107
))
("C:\Program Files\MiKTeX 2.9\tex\latex\amsmath\amsbsy.sty"
Package: amsbsy 1999/11/29 v1.2d
\pmbraise@=\dimen108
)
("C:\Program Files\MiKTeX 2.9\tex\latex\amsmath\amsopn.sty"
Package: amsopn 1999/12/14 v2.01 operator names
)
\inf@bad=\count88
LaTeX Info: Redefining \frac on input line 210.
\uproot@=\count89
\leftroot@=\count90
LaTeX Info: Redefining \overline on input line 306.
\classnum@=\count91
\DOTSCASE@=\count92
LaTeX Info: Redefining \ldots on input line 378.
LaTeX Info: Redefining \dots on input line 381.
LaTeX Info: Redefining \cdots on input line 466.
\Mathstrutbox@=\box26
\strutbox@=\box27
\big@size=\dimen109
LaTeX Font Info:    Redeclaring font encoding OML on input line 566.
LaTeX Font Info:    Redeclaring font encoding OMS on input line 567.
\macc@depth=\count93
\c@MaxMatrixCols=\count94
\dotsspace@=\muskip11
\c@parentequation=\count95
\dspbrk@lvl=\count96
\tag@help=\toks17
\row@=\count97
\column@=\count98
\maxfields@=\count99
\andhelp@=\toks18
\eqnshift@=\dimen110
\alignsep@=\dimen111
\tagshift@=\dimen112
\tagwidth@=\dimen113
\totwidth@=\dimen114
\lineht@=\dimen115
\@envbody=\toks19
\multlinegap=\skip45
\multlinetaggap=\skip46
\mathdisplay@stack=\toks20
LaTeX Info: Redefining \[ on input line 2665.
LaTeX Info: Redefining \] on input line 2666.
)
("C:\Program Files\MiKTeX 2.9\tex\latex\biblatex\biblatex.sty"
Package: biblatex 2013/05/01 v2.6 programmable bibliographies (PK/JW/AB)


Package biblatex Warning: No "backend" specified, using Biber backend.
(biblatex)                To use BibTeX, load biblatex with 
(biblatex)                the "backend=bibtex" option.

("C:\Program Files\MiKTeX 2.9\tex\latex\biblatex\biblatex2.sty"
Package: biblatex2 2013/05/01 v2.6 programmable bibliographies (biber) (PK/JW/A
B)

("C:\Program Files\MiKTeX 2.9\tex\latex\etoolbox\etoolbox.sty"
Package: etoolbox 2011/01/03 v2.1 e-TeX tools for LaTeX

("C:\Program Files\MiKTeX 2.9\tex\latex\misc\etex.sty"
Package: etex 1998/03/26 v2.0 eTeX basic definition package (PEB)
\et@xins=\count100
)
\etb@tempcnta=\count101
)
("C:\Program Files\MiKTeX 2.9\tex\latex\oberdiek\kvoptions.sty"
Package: kvoptions 2011/06/30 v3.11 Key value format for package options (HO)

("C:\Program Files\MiKTeX 2.9\tex\generic\oberdiek\kvsetkeys.sty"
Package: kvsetkeys 2012/04/25 v1.16 Key value parser (HO)

("C:\Program Files\MiKTeX 2.9\tex\generic\oberdiek\etexcmds.sty"
Package: etexcmds 2011/02/16 v1.5 Avoid name clashes with e-TeX commands (HO)

("C:\Program Files\MiKTeX 2.9\tex\generic\oberdiek\ifluatex.sty"
Package: ifluatex 2010/03/01 v1.3 Provides the ifluatex switch (HO)
Package ifluatex Info: LuaTeX not detected.
)
Package etexcmds Info: Could not find \expanded.
(etexcmds)             That can mean that you are not using pdfTeX 1.50 or
(etexcmds)             that some package has redefined \expanded.
(etexcmds)             In the latter case, load this package earlier.
)))
("C:\Program Files\MiKTeX 2.9\tex\latex\logreq\logreq.sty"
Package: logreq 2010/08/04 v1.0 xml request logger
\lrq@indent=\count102

("C:\Program Files\MiKTeX 2.9\tex\latex\logreq\logreq.def"
File: logreq.def 2010/08/04 v1.0 logreq spec v1.0
))
("C:\Program Files\MiKTeX 2.9\tex\latex\base\ifthen.sty"
Package: ifthen 2001/05/26 v1.1c Standard LaTeX ifthen package (DPC)
)
\c@tabx@nest=\count103
\c@listtotal=\count104
\c@listcount=\count105
\c@liststart=\count106
\c@liststop=\count107
\c@citecount=\count108
\c@citetotal=\count109
\c@multicitecount=\count110
\c@multicitetotal=\count111
\c@instcount=\count112
\c@maxnames=\count113
\c@minnames=\count114
\c@maxitems=\count115
\c@minitems=\count116
\c@citecounter=\count117
\c@savedcitecounter=\count118
\c@uniquelist=\count119
\c@uniquename=\count120
\c@refsection=\count121
\c@refsegment=\count122
\c@maxextratitle=\count123
\c@maxextratitleyear=\count124
\c@maxextrayear=\count125
\c@maxextraalpha=\count126
\c@abbrvpenalty=\count127
\c@highnamepenalty=\count128
\c@lownamepenalty=\count129
\c@maxparens=\count130
\c@parenlevel=\count131
\blx@tempcnta=\count132
\blx@tempcntb=\count133
\blx@tempcntc=\count134
\blx@maxsection=\count135
\blx@maxsegment@0=\count136
\blx@notetype=\count137
\blx@parenlevel@text=\count138
\blx@parenlevel@foot=\count139
\blx@sectionciteorder@0=\count140
\labelnumberwidth=\skip47
\labelalphawidth=\skip48
\shorthandwidth=\skip49
\biblabelsep=\skip50
\bibitemsep=\skip51
\bibnamesep=\skip52
\bibinitsep=\skip53
\bibparsep=\skip54
\bibhang=\skip55
\blx@bcfin=\read1
\blx@bcfout=\write3
\c@mincomprange=\count141
\c@maxcomprange=\count142
\c@mincompwidth=\count143
Package biblatex Info: Trying to load biblatex default data model...
Package biblatex Info: ... file 'blx-dm.def' found.

("C:\Program Files\MiKTeX 2.9\tex\latex\biblatex\blx-dm.def")
Package biblatex Info: Trying to load biblatex custom data model...
Package biblatex Info: ... file 'biblatex-dm.cfg' not found.
\c@afterword=\count144
\c@savedafterword=\count145
\c@annotator=\count146
\c@savedannotator=\count147
\c@author=\count148
\c@savedauthor=\count149
\c@bookauthor=\count150
\c@savedbookauthor=\count151
\c@commentator=\count152
\c@savedcommentator=\count153
\c@editor=\count154
\c@savededitor=\count155
\c@editora=\count156
\c@savededitora=\count157
\c@editorb=\count158
\c@savededitorb=\count159
\c@editorc=\count160
\c@savededitorc=\count161
\c@foreword=\count162
\c@savedforeword=\count163
\c@holder=\count164
\c@savedholder=\count165
\c@introduction=\count166
\c@savedintroduction=\count167
\c@namea=\count168
\c@savednamea=\count169
\c@nameb=\count170
\c@savednameb=\count171
\c@namec=\count172
\c@savednamec=\count173
\c@shortauthor=\count174
\c@savedshortauthor=\count175
\c@shorteditor=\count176
\c@savedshorteditor=\count177
\c@translator=\count178
\c@savedtranslator=\count179
\c@labelname=\count180
\c@savedlabelname=\count181
\c@institution=\count182
\c@savedinstitution=\count183
\c@lista=\count184
\c@savedlista=\count185
\c@listb=\count186
\c@savedlistb=\count187
\c@listc=\count188
\c@savedlistc=\count189
\c@listd=\count190
\c@savedlistd=\count191
\c@liste=\count192
\c@savedliste=\count193
\c@listf=\count194
\c@savedlistf=\count195
\c@location=\count196
\c@savedlocation=\count197
\c@organization=\count198
\c@savedorganization=\count199
\c@origlocation=\count200
\c@savedoriglocation=\count201
\c@origpublisher=\count202
\c@savedorigpublisher=\count203
\c@publisher=\count204
\c@savedpublisher=\count205
\c@language=\count206
\c@savedlanguage=\count207
\c@pageref=\count208
\c@savedpageref=\count209
Package biblatex Info: Trying to load compatibility code...
Package biblatex Info: ... file 'blx-compat.def' found.

("C:\Program Files\MiKTeX 2.9\tex\latex\biblatex\blx-compat.def"
File: blx-compat.def 2013/05/01 v2.6 biblatex compatibility (PK/JW/AB)
)
Package biblatex Info: Trying to load generic definitions...
Package biblatex Info: ... file 'biblatex.def' found.

("C:\Program Files\MiKTeX 2.9\tex\latex\biblatex\biblatex.def"
File: biblatex.def 
\c@biburlnumpenalty=\count210
\c@biburlucpenalty=\count211
\c@biburllcpenalty=\count212
\c@smartand=\count213
)
Package biblatex Info: Trying to load bibliography style 'numeric'...
Package biblatex Info: ... file 'numeric.bbx' found.

("C:\Program Files\MiKTeX 2.9\tex\latex\biblatex\bbx\numeric.bbx"
File: numeric.bbx 2013/05/01 v2.6 biblatex bibliography style (PK/JW/AB)
Package biblatex Info: Trying to load bibliography style 'standard'...
Package biblatex Info: ... file 'standard.bbx' found.

("C:\Program Files\MiKTeX 2.9\tex\latex\biblatex\bbx\standard.bbx"
File: standard.bbx 2013/05/01 v2.6 biblatex bibliography style (PK/JW/AB)
\c@bbx:relatedcount=\count214
\c@bbx:relatedtotal=\count215
))
Package biblatex Info: Trying to load citation style 'numeric'...
Package biblatex Info: ... file 'numeric.cbx' found.

("C:\Program Files\MiKTeX 2.9\tex\latex\biblatex\cbx\numeric.cbx"
File: numeric.cbx 2013/05/01 v2.6 biblatex citation style (PK/JW/AB)
Package biblatex Info: Redefining '\cite'.
Package biblatex Info: Redefining '\parencite'.
Package biblatex Info: Redefining '\footcite'.
Package biblatex Info: Redefining '\footcitetext'.
Package biblatex Info: Redefining '\smartcite'.
Package biblatex Info: Redefining '\textcite'.
Package biblatex Info: Redefining '\supercite'.
Package biblatex Info: Redefining '\cites'.
Package biblatex Info: Redefining '\parencites'.
Package biblatex Info: Redefining '\smartcites'.
)
Package biblatex Info: Trying to load configuration file...
Package biblatex Info: ... file 'biblatex.cfg' found.

("C:\Program Files\MiKTeX 2.9\tex\latex\biblatex\biblatex.cfg"
File: biblatex.cfg 
)))
("C:\Program Files\MiKTeX 2.9\tex\latex\bbm\bbm.sty"
Package: bbm 1999/03/15 V 1.2 provides fonts for set symbols - TH
LaTeX Font Info:    Overwriting math alphabet `\mathbbm' in version `bold'
(Font)                  U/bbm/m/n --> U/bbm/bx/n on input line 33.
LaTeX Font Info:    Overwriting math alphabet `\mathbbmss' in version `bold'
(Font)                  U/bbmss/m/n --> U/bbmss/bx/n on input line 35.
)
("C:\Program Files\MiKTeX 2.9\tex\latex\diagbox\diagbox.sty"
Package: diagbox 2011/11/23 v2.0 Making table heads with diagonal lines

("C:\Program Files\MiKTeX 2.9\tex\latex\pict2e\pict2e.sty"
Package: pict2e 2011/04/05 v0.2y Improved picture commands (HjG,RN,JT)

("C:\Program Files\MiKTeX 2.9\tex\latex\00miktex\pict2e.cfg"
File: pict2e.cfg 2005/12/29 v1.0 MiKTeX 'pict2e' configuration
)
Package pict2e Info: Driver file: pdftex.def on input line 119.
Package pict2e Info: Driver file for pict2e: p2e-pdftex.def on input line 121.

("C:\Program Files\MiKTeX 2.9\tex\latex\pict2e\p2e-pdftex.def"
File: p2e-pdftex.def 2011/04/05 v0.1t Driver-dependant file (RN,HjG,JT)
)
\pIIe@GRAPH=\toks21
\@arclen=\dimen116
\@arcrad=\dimen117
\@tempdimd=\dimen118
)
("C:\Program Files\MiKTeX 2.9\tex\latex\fp\fp.sty"
Package: fp 1995/04/02

`Fixed Point Package', Version 0.8, April 2, 1995 (C) Michael Mehlich
("C:\Program Files\MiKTeX 2.9\tex\latex\fp\defpattern.sty"
Package: defpattern 1994/10/12
\actioncount=\count216
)
("C:\Program Files\MiKTeX 2.9\tex\latex\fp\fp-basic.sty"
Package: fp-basic 1996/05/13
\FP@xs=\count217
\FP@xia=\count218
\FP@xib=\count219
\FP@xfa=\count220
\FP@xfb=\count221
\FP@rega=\count222
\FP@regb=\count223
\FP@regs=\count224
\FP@times=\count225
)
("C:\Program Files\MiKTeX 2.9\tex\latex\fp\fp-addons.sty"
Package: fp-addons 1995/03/15
)
("C:\Program Files\MiKTeX 2.9\tex\latex\fp\fp-snap.sty"
Package: fp-snap 1995/04/05
)
("C:\Program Files\MiKTeX 2.9\tex\latex\fp\fp-exp.sty"
Package: fp-exp 1995/04/03
)
("C:\Program Files\MiKTeX 2.9\tex\latex\fp\fp-trigo.sty"
Package: fp-trigo 1995/04/14
)
("C:\Program Files\MiKTeX 2.9\tex\latex\fp\fp-pas.sty"
Package: fp-pas 1994/08/29
)
("C:\Program Files\MiKTeX 2.9\tex\latex\fp\fp-random.sty"
Package: fp-random 1995/02/23
\FPseed=\count226
)
("C:\Program Files\MiKTeX 2.9\tex\latex\fp\fp-eqn.sty"
Package: fp-eqn 1995/04/03
)
("C:\Program Files\MiKTeX 2.9\tex\latex\fp\fp-upn.sty"
Package: fp-upn 1996/10/21
)
("C:\Program Files\MiKTeX 2.9\tex\latex\fp\fp-eval.sty"
Package: fp-eval 1995/04/03
))
\diagbox@boxa=\box28
\diagbox@boxb=\box29
\diagbox@boxm=\box30
\diagbox@wd=\dimen119
\diagbox@ht=\dimen120
\diagbox@sepl=\dimen121
\diagbox@sepr=\dimen122
)
("C:\Program Files\MiKTeX 2.9\tex\latex\algorithm2e\algorithm2e.sty"
Package: algorithm2e 2013/01/06 v5.00 algorithms environments
\c@AlgoLine=\count227

("C:\Program Files\MiKTeX 2.9\tex\latex\ltxmisc\relsize.sty"
Package: relsize 2003/07/04 ver 3.1
)
********************************************************
Package `algorithm2e' Release 5.0 -- january 06 2013 --
- algorithm2e-announce@lirmm.fr mailing list for announcement about releases
- algorithm2e-discussion@lirmm.fr mailing list for discussion about package
subscribe by emailing sympa@lirmm.fr with 'subscribe <list> <firstname name>'
- Author: Christophe Fiorio (cfiorio@um2.fr)
********************************************************
\skiptotal=\skip56
\skiplinenumber=\skip57
\skiprule=\skip58
\skiphlne=\skip59
\skiptext=\skip60
\skiplength=\skip61
\algomargin=\skip62
\skipalgocfslide=\skip63
\algowidth=\dimen123
\inoutsize=\dimen124
\inoutindent=\dimen125
\interspacetitleruled=\dimen126
\interspacealgoruled=\dimen127
\interspacetitleboxruled=\dimen128
\algocf@inoutbox=\box31
\algocf@inputbox=\box32
\AlCapSkip=\skip64
\AlCapHSkip=\skip65
\algoskipindent=\skip66
\algocf@nlbox=\box33
\algocf@hangingbox=\box34
\algocf@untilbox=\box35
\algocf@skipuntil=\skip67
\algocf@capbox=\box36
\algoheightruledefault=\skip68
\algoheightrule=\skip69
\algotitleheightruledefault=\skip70
\algotitleheightrule=\skip71
\c@algocfline=\count228
\c@algocfproc=\count229
\c@algocf=\count230
\algocf@algoframe=\box37
\algocf@algobox=\box38
) ("C:\Program Files\MiKTeX 2.9\tex\latex\pgfplots\pgfplots.sty"
("C:\Program Files\MiKTeX 2.9\tex\generic\pgfplots\pgfplots.revision.tex")
Package: pgfplots 2013/03/17 v1.8 Data Visualization (1.8-3-gaf58a29)

("C:\Program Files\MiKTeX 2.9\tex\latex\pgf\frontendlayer\tikz.sty"
("C:\Program Files\MiKTeX 2.9\tex\latex\pgf\basiclayer\pgf.sty"
("C:\Program Files\MiKTeX 2.9\tex\latex\pgf\utilities\pgfrcs.sty"
("C:\Program Files\MiKTeX 2.9\tex\generic\pgf\utilities\pgfutil-common.tex"
\pgfutil@everybye=\toks22
)
("C:\Program Files\MiKTeX 2.9\tex\generic\pgf\utilities\pgfutil-latex.def"
\pgfutil@abb=\box39

("C:\Program Files\MiKTeX 2.9\tex\latex\ms\everyshi.sty"
Package: everyshi 2001/05/15 v3.00 EveryShipout Package (MS)
))
("C:\Program Files\MiKTeX 2.9\tex\generic\pgf\utilities\pgfrcs.code.tex"
Package: pgfrcs 2010/10/25 v2.10 (rcs-revision 1.24)
))
Package: pgf 2008/01/15 v2.10 (rcs-revision 1.12)

("C:\Program Files\MiKTeX 2.9\tex\latex\pgf\basiclayer\pgfcore.sty"
("C:\Program Files\MiKTeX 2.9\tex\latex\pgf\systemlayer\pgfsys.sty"
("C:\Program Files\MiKTeX 2.9\tex\generic\pgf\systemlayer\pgfsys.code.tex"
Package: pgfsys 2010/06/30 v2.10 (rcs-revision 1.37)

("C:\Program Files\MiKTeX 2.9\tex\generic\pgf\utilities\pgfkeys.code.tex"
\pgfkeys@pathtoks=\toks23
\pgfkeys@temptoks=\toks24

("C:\Program Files\MiKTeX 2.9\tex\generic\pgf\utilities\pgfkeysfiltered.code.te
x"
\pgfkeys@tmptoks=\toks25
))
\pgf@x=\dimen129
\pgf@y=\dimen130
\pgf@xa=\dimen131
\pgf@ya=\dimen132
\pgf@xb=\dimen133
\pgf@yb=\dimen134
\pgf@xc=\dimen135
\pgf@yc=\dimen136
\w@pgf@writea=\write4
\r@pgf@reada=\read2
\c@pgf@counta=\count231
\c@pgf@countb=\count232
\c@pgf@countc=\count233
Normal \count register pool exhausted, switching to extended pool.
\c@pgf@countd=\count277
 ("C:\Program Files\MiKTeX 2.9\tex\generic\pgf\systemlayer\pgf.cfg"
File: pgf.cfg 2008/05/14  (rcs-revision 1.7)
)
Package pgfsys Info: Driver file for pgf: pgfsys-pdftex.def on input line 900.

("C:\Program Files\MiKTeX 2.9\tex\generic\pgf\systemlayer\pgfsys-pdftex.def"
File: pgfsys-pdftex.def 2009/05/22  (rcs-revision 1.26)

("C:\Program Files\MiKTeX 2.9\tex\generic\pgf\systemlayer\pgfsys-common-pdf.def
"
File: pgfsys-common-pdf.def 2008/05/19  (rcs-revision 1.10)
)))
("C:\Program Files\MiKTeX 2.9\tex\generic\pgf\systemlayer\pgfsyssoftpath.code.t
ex"
File: pgfsyssoftpath.code.tex 2008/07/18  (rcs-revision 1.7)
\pgfsyssoftpath@smallbuffer@items=\count278
\pgfsyssoftpath@bigbuffer@items=\count279
)
("C:\Program Files\MiKTeX 2.9\tex\generic\pgf\systemlayer\pgfsysprotocol.code.t
ex"
File: pgfsysprotocol.code.tex 2006/10/16  (rcs-revision 1.4)
)) ("C:\Program Files\MiKTeX 2.9\tex\latex\xcolor\xcolor.sty"
Package: xcolor 2007/01/21 v2.11 LaTeX color extensions (UK)

("C:\Program Files\MiKTeX 2.9\tex\latex\00miktex\color.cfg"
File: color.cfg 2007/01/18 v1.5 color configuration of teTeX/TeXLive
)
Package xcolor Info: Driver file: pdftex.def on input line 225.
LaTeX Info: Redefining \color on input line 702.
Package xcolor Info: Model `cmy' substituted by `cmy0' on input line 1337.
Package xcolor Info: Model `hsb' substituted by `rgb' on input line 1341.
Package xcolor Info: Model `RGB' extended on input line 1353.
Package xcolor Info: Model `HTML' substituted by `rgb' on input line 1355.
Package xcolor Info: Model `Hsb' substituted by `hsb' on input line 1356.
Package xcolor Info: Model `tHsb' substituted by `hsb' on input line 1357.
Package xcolor Info: Model `HSB' substituted by `hsb' on input line 1358.
Package xcolor Info: Model `Gray' substituted by `gray' on input line 1359.
Package xcolor Info: Model `wave' substituted by `hsb' on input line 1360.
)
("C:\Program Files\MiKTeX 2.9\tex\generic\pgf\basiclayer\pgfcore.code.tex"
Package: pgfcore 2010/04/11 v2.10 (rcs-revision 1.7)

("C:\Program Files\MiKTeX 2.9\tex\generic\pgf\math\pgfmath.code.tex"
("C:\Program Files\MiKTeX 2.9\tex\generic\pgf\math\pgfmathcalc.code.tex"
("C:\Program Files\MiKTeX 2.9\tex\generic\pgf\math\pgfmathutil.code.tex")
("C:\Program Files\MiKTeX 2.9\tex\generic\pgf\math\pgfmathparser.code.tex"
\pgfmath@dimen=\dimen137
\pgfmath@count=\count280
\pgfmath@box=\box40
\pgfmath@toks=\toks26
\pgfmath@stack@operand=\toks27
\pgfmath@stack@operation=\toks28
)
("C:\Program Files\MiKTeX 2.9\tex\generic\pgf\math\pgfmathfunctions.code.tex"
("C:\Program Files\MiKTeX 2.9\tex\generic\pgf\math\pgfmathfunctions.basic.code.
tex")
("C:\Program Files\MiKTeX 2.9\tex\generic\pgf\math\pgfmathfunctions.trigonometr
ic.code.tex")
("C:\Program Files\MiKTeX 2.9\tex\generic\pgf\math\pgfmathfunctions.random.code
.tex")
("C:\Program Files\MiKTeX 2.9\tex\generic\pgf\math\pgfmathfunctions.comparison.
code.tex")
("C:\Program Files\MiKTeX 2.9\tex\generic\pgf\math\pgfmathfunctions.base.code.t
ex")
("C:\Program Files\MiKTeX 2.9\tex\generic\pgf\math\pgfmathfunctions.round.code.
tex")
("C:\Program Files\MiKTeX 2.9\tex\generic\pgf\math\pgfmathfunctions.misc.code.t
ex"))) ("C:\Program Files\MiKTeX 2.9\tex\generic\pgf\math\pgfmathfloat.code.tex
"
\c@pgfmathroundto@lastzeros=\count281
))
("C:\Program Files\MiKTeX 2.9\tex\generic\pgf\basiclayer\pgfcorepoints.code.tex
"
File: pgfcorepoints.code.tex 2010/04/09  (rcs-revision 1.20)
\pgf@picminx=\dimen138
\pgf@picmaxx=\dimen139
\pgf@picminy=\dimen140
\pgf@picmaxy=\dimen141
\pgf@pathminx=\dimen142
\pgf@pathmaxx=\dimen143
\pgf@pathminy=\dimen144
\pgf@pathmaxy=\dimen145
\pgf@xx=\dimen146
\pgf@xy=\dimen147
\pgf@yx=\dimen148
\pgf@yy=\dimen149
\pgf@zx=\dimen150
\pgf@zy=\dimen151
)
("C:\Program Files\MiKTeX 2.9\tex\generic\pgf\basiclayer\pgfcorepathconstruct.c
ode.tex"
File: pgfcorepathconstruct.code.tex 2010/08/03  (rcs-revision 1.24)
\pgf@path@lastx=\dimen152
\pgf@path@lasty=\dimen153
)
("C:\Program Files\MiKTeX 2.9\tex\generic\pgf\basiclayer\pgfcorepathusage.code.
tex"
File: pgfcorepathusage.code.tex 2008/04/22  (rcs-revision 1.12)
\pgf@shorten@end@additional=\dimen154
\pgf@shorten@start@additional=\dimen155
)
("C:\Program Files\MiKTeX 2.9\tex\generic\pgf\basiclayer\pgfcorescopes.code.tex
"
File: pgfcorescopes.code.tex 2010/09/08  (rcs-revision 1.34)
\pgfpic=\box41
\pgf@hbox=\box42
\pgf@layerbox@main=\box43
\pgf@picture@serial@count=\count282
)
("C:\Program Files\MiKTeX 2.9\tex\generic\pgf\basiclayer\pgfcoregraphicstate.co
de.tex"
File: pgfcoregraphicstate.code.tex 2008/04/22  (rcs-revision 1.9)
\pgflinewidth=\dimen156
)
("C:\Program Files\MiKTeX 2.9\tex\generic\pgf\basiclayer\pgfcoretransformations
.code.tex"
File: pgfcoretransformations.code.tex 2009/06/10  (rcs-revision 1.11)
\pgf@pt@x=\dimen157
\pgf@pt@y=\dimen158
\pgf@pt@temp=\dimen159
)
("C:\Program Files\MiKTeX 2.9\tex\generic\pgf\basiclayer\pgfcorequick.code.tex"
File: pgfcorequick.code.tex 2008/10/09  (rcs-revision 1.3)
)
("C:\Program Files\MiKTeX 2.9\tex\generic\pgf\basiclayer\pgfcoreobjects.code.te
x"
File: pgfcoreobjects.code.tex 2006/10/11  (rcs-revision 1.2)
)
("C:\Program Files\MiKTeX 2.9\tex\generic\pgf\basiclayer\pgfcorepathprocessing.
code.tex"
File: pgfcorepathprocessing.code.tex 2008/10/09  (rcs-revision 1.8)
)
("C:\Program Files\MiKTeX 2.9\tex\generic\pgf\basiclayer\pgfcorearrows.code.tex
"
File: pgfcorearrows.code.tex 2008/04/23  (rcs-revision 1.11)
)
("C:\Program Files\MiKTeX 2.9\tex\generic\pgf\basiclayer\pgfcoreshade.code.tex"
File: pgfcoreshade.code.tex 2008/11/23  (rcs-revision 1.13)
\pgf@max=\dimen160
\pgf@sys@shading@range@num=\count283
) ("C:\Program Files\MiKTeX 2.9\tex\generic\pgf\basiclayer\pgfcoreimage.code.te
x"
File: pgfcoreimage.code.tex 2010/03/25  (rcs-revision 1.16)

("C:\Program Files\MiKTeX 2.9\tex\generic\pgf\basiclayer\pgfcoreexternal.code.t
ex"
File: pgfcoreexternal.code.tex 2010/09/01  (rcs-revision 1.17)
\pgfexternal@startupbox=\box44
))
("C:\Program Files\MiKTeX 2.9\tex\generic\pgf\basiclayer\pgfcorelayers.code.tex
"
File: pgfcorelayers.code.tex 2010/08/27  (rcs-revision 1.2)
)
("C:\Program Files\MiKTeX 2.9\tex\generic\pgf\basiclayer\pgfcoretransparency.co
de.tex"
File: pgfcoretransparency.code.tex 2008/01/17  (rcs-revision 1.2)
)
("C:\Program Files\MiKTeX 2.9\tex\generic\pgf\basiclayer\pgfcorepatterns.code.t
ex"
File: pgfcorepatterns.code.tex 2009/07/02  (rcs-revision 1.3)
)))
("C:\Program Files\MiKTeX 2.9\tex\generic\pgf\modules\pgfmoduleshapes.code.tex"
File: pgfmoduleshapes.code.tex 2010/09/09  (rcs-revision 1.13)
\pgfnodeparttextbox=\box45
) ("C:\Program Files\MiKTeX 2.9\tex\generic\pgf\modules\pgfmoduleplot.code.tex"
File: pgfmoduleplot.code.tex 2010/10/22  (rcs-revision 1.8)
)
("C:\Program Files\MiKTeX 2.9\tex\latex\pgf\compatibility\pgfcomp-version-0-65.
sty"
Package: pgfcomp-version-0-65 2007/07/03 v2.10 (rcs-revision 1.7)
\pgf@nodesepstart=\dimen161
\pgf@nodesepend=\dimen162
)
("C:\Program Files\MiKTeX 2.9\tex\latex\pgf\compatibility\pgfcomp-version-1-18.
sty"
Package: pgfcomp-version-1-18 2007/07/23 v2.10 (rcs-revision 1.1)
)) ("C:\Program Files\MiKTeX 2.9\tex\latex\pgf\utilities\pgffor.sty"
("C:\Program Files\MiKTeX 2.9\tex\latex\pgf\utilities\pgfkeys.sty"
("C:\Program Files\MiKTeX 2.9\tex\generic\pgf\utilities\pgfkeys.code.tex"))
("C:\Program Files\MiKTeX 2.9\tex\generic\pgf\utilities\pgffor.code.tex"
Package: pgffor 2010/03/23 v2.10 (rcs-revision 1.18)
\pgffor@iter=\dimen163
\pgffor@skip=\dimen164
\pgffor@stack=\toks29
\pgffor@toks=\toks30
))
("C:\Program Files\MiKTeX 2.9\tex\generic\pgf\frontendlayer\tikz\tikz.code.tex"
Package: tikz 2010/10/13 v2.10 (rcs-revision 1.76)

("C:\Program Files\MiKTeX 2.9\tex\generic\pgf\libraries\pgflibraryplothandlers.
code.tex"
File: pgflibraryplothandlers.code.tex 2010/05/31 v2.10 (rcs-revision 1.15)
\pgf@plot@mark@count=\count284
\pgfplotmarksize=\dimen165
)
\tikz@lastx=\dimen166
\tikz@lasty=\dimen167
\tikz@lastxsaved=\dimen168
\tikz@lastysaved=\dimen169
\tikzleveldistance=\dimen170
\tikzsiblingdistance=\dimen171
\tikz@figbox=\box46
\tikz@tempbox=\box47
\tikztreelevel=\count285
\tikznumberofchildren=\count286
\tikznumberofcurrentchild=\count287
\tikz@fig@count=\count288

("C:\Program Files\MiKTeX 2.9\tex\generic\pgf\modules\pgfmodulematrix.code.tex"
File: pgfmodulematrix.code.tex 2010/08/24  (rcs-revision 1.4)
\pgfmatrixcurrentrow=\count289
\pgfmatrixcurrentcolumn=\count290
\pgf@matrix@numberofcolumns=\count291
)
\tikz@expandcount=\count292

("C:\Program Files\MiKTeX 2.9\tex\generic\pgf\frontendlayer\tikz\libraries\tikz
librarytopaths.code.tex"
File: tikzlibrarytopaths.code.tex 2008/06/17 v2.10 (rcs-revision 1.2)
)))
("C:\Program Files\MiKTeX 2.9\tex\generic\pgfplots\pgfplots.code.tex"
("C:\Program Files\MiKTeX 2.9\tex\generic\pgfplots\pgfplotscore.code.tex"
\t@pgfplots@toka=\toks31
\t@pgfplots@tokb=\toks32
\t@pgfplots@tokc=\toks33
\pgfplots@tmpa=\dimen172
\c@pgfplots@coordindex=\count293
\c@pgfplots@scanlineindex=\count294

("C:\Program Files\MiKTeX 2.9\tex\generic\pgfplots\sys\pgfplotssysgeneric.code.
tex"))
("C:\Program Files\MiKTeX 2.9\tex\generic\pgfplots\libs\pgfplotslibrary.code.te
x")
("C:\Program Files\MiKTeX 2.9\tex\generic\pgfplots\oldpgfcompatib\pgfplotsoldpg
fsupp_loader.code.tex"
Package pgfplots: loading complementary code for your PGF version...

("C:\Program Files\MiKTeX 2.9\tex\generic\pgfplots\oldpgfcompatib\pgfplotsoldpg
fsupp_misc.code.tex")
("C:\Program Files\MiKTeX 2.9\tex\generic\pgfplots\oldpgfcompatib\pgfplotsoldpg
fsupp_pgfkeys.code.tex"
\pgfkeys@pathtoks=\toks34
\pgfkeys@temptoks=\toks35

("C:\Program Files\MiKTeX 2.9\tex\generic\pgfplots\oldpgfcompatib\pgfplotsoldpg
fsupp_pgfkeysfiltered.code.tex"
\pgfkeys@tmptoks=\toks36
))
("C:\Program Files\MiKTeX 2.9\tex\generic\pgfplots\oldpgfcompatib\pgfplotsoldpg
fsupp_pgfmathfloat.code.tex"
\c@pgfmathroundto@lastzeros=\count295
)
("C:\Program Files\MiKTeX 2.9\tex\generic\pgfplots\oldpgfcompatib\pgfplotsoldpg
fsupp_pgflibraryplothandlers.code.tex"
File: pgflibraryplothandlers.code.tex 2012/09/11 v2.10 (rcs-revision 1.17)
\pgf@plot@mark@count=\count296
\pgfplotmarksize=\dimen173
)
("C:\Program Files\MiKTeX 2.9\tex\generic\pgfplots\oldpgfcompatib\pgfplotsoldpg
fsupp_pgflibraryfpu.code.tex")
("C:\Program Files\MiKTeX 2.9\tex\generic\pgfplots\oldpgfcompatib\pgfplotsoldpg
fsupp_pgfcorescopes.code.tex"
File: pgfcorescopes.code.tex 2012/11/30  (rcs-revision 1.38)
\pgfpic=\box48
\pgf@hbox=\box49
\pgf@layerbox@main=\box50
\pgf@picture@serial@count=\count297
)
("C:\Program Files\MiKTeX 2.9\tex\generic\pgfplots\oldpgfcompatib\pgfplotsoldpg
fsupp_pgfcorelayers.code.tex"
File: pgfcorelayers.code.tex 2012/11/07  (rcs-revision 1.5)
))
("C:\Program Files\MiKTeX 2.9\tex\generic\pgfplots\util\pgfplotsutil.code.tex"
("C:\Program Files\MiKTeX 2.9\tex\generic\pgfplots\liststructure\pgfplotslistst
ructure.code.tex")
("C:\Program Files\MiKTeX 2.9\tex\generic\pgfplots\liststructure\pgfplotslistst
ructureext.code.tex")
("C:\Program Files\MiKTeX 2.9\tex\generic\pgfplots\liststructure\pgfplotsarray.
code.tex"
\c@pgfplotsarray@tmp=\count298
)
("C:\Program Files\MiKTeX 2.9\tex\generic\pgfplots\liststructure\pgfplotsmatrix
.code.tex")
("C:\Program Files\MiKTeX 2.9\tex\generic\pgfplots\numtable\pgfplotstableshared
.code.tex"
\c@pgfplotstable@counta=\count299
\t@pgfplotstable@a=\toks37
)
("C:\Program Files\MiKTeX 2.9\tex\generic\pgfplots\liststructure\pgfplotsdeque.
code.tex")
("C:\Program Files\MiKTeX 2.9\tex\generic\pgfplots\util\pgfplotsbinary.code.tex
"
("C:\Program Files\MiKTeX 2.9\tex\generic\pgfplots\util\pgfplotsbinary.data.cod
e.tex"))
("C:\Program Files\MiKTeX 2.9\tex\generic\pgfplots\util\pgfplotsutil.verb.code.
tex")
("C:\Program Files\MiKTeX 2.9\tex\generic\pgfplots\libs\pgflibrarypgfplots.surf
shading.code.tex"
\c@pgfplotslibrarysurf@no=\count300

("C:\Program Files\MiKTeX 2.9\tex\generic\pgfplots\sys\pgflibrarypgfplots.surfs
hading.pgfsys-pdftex.def")))
("C:\Program Files\MiKTeX 2.9\tex\generic\pgfplots\util\pgfplotscolormap.code.t
ex"
("C:\Program Files\MiKTeX 2.9\tex\generic\pgfplots\util\pgfplotscolor.code.tex"
))
("C:\Program Files\MiKTeX 2.9\tex\generic\pgfplots\pgfplotsstackedplots.code.te
x")
("C:\Program Files\MiKTeX 2.9\tex\generic\pgfplots\pgfplotsplothandlers.code.te
x"
("C:\Program Files\MiKTeX 2.9\tex\generic\pgfplots\pgfplotsmeshplothandler.code
.tex"))
("C:\Program Files\MiKTeX 2.9\tex\generic\pgfplots\pgfplots.scaling.code.tex")
("C:\Program Files\MiKTeX 2.9\tex\generic\pgfplots\pgfplotscoordprocessing.code
.tex") ("C:\Program Files\MiKTeX 2.9\tex\generic\pgfplots\pgfplotsticks.code.te
x") ("C:\Program Files\MiKTeX 2.9\tex\generic\pgfplots\pgfplots.paths.code.tex"
)
("C:\Program Files\MiKTeX 2.9\tex\generic\pgf\frontendlayer\tikz\libraries\tikz
librarydecorations.code.tex"
("C:\Program Files\MiKTeX 2.9\tex\generic\pgf\modules\pgfmoduledecorations.code
.tex"
\pgfdecoratedcompleteddistance=\dimen174
\pgfdecoratedremainingdistance=\dimen175
\pgfdecoratedinputsegmentcompleteddistance=\dimen176
\pgfdecoratedinputsegmentremainingdistance=\dimen177
\pgf@decorate@distancetomove=\dimen178
\pgf@decorate@repeatstate=\count301
\pgfdecorationsegmentamplitude=\dimen179
\pgfdecorationsegmentlength=\dimen180
)
\tikz@lib@dec@box=\box51
)
("C:\Program Files\MiKTeX 2.9\tex\generic\pgf\frontendlayer\tikz\libraries\tikz
librarydecorations.pathmorphing.code.tex"
("C:\Program Files\MiKTeX 2.9\tex\generic\pgf\libraries\decorations\pgflibraryd
ecorations.pathmorphing.code.tex"))
("C:\Program Files\MiKTeX 2.9\tex\generic\pgf\frontendlayer\tikz\libraries\tikz
librarydecorations.pathreplacing.code.tex"
("C:\Program Files\MiKTeX 2.9\tex\generic\pgf\libraries\decorations\pgflibraryd
ecorations.pathreplacing.code.tex"))
\pgfplots@numplots=\count302
\pgfplots@xmin@reg=\dimen181
\pgfplots@xmax@reg=\dimen182
\pgfplots@ymin@reg=\dimen183
\pgfplots@ymax@reg=\dimen184
\pgfplots@zmin@reg=\dimen185
\pgfplots@zmax@reg=\dimen186
)
("C:\Program Files\MiKTeX 2.9\tex\generic\pgf\frontendlayer\tikz\libraries\tikz
libraryplotmarks.code.tex"
File: tikzlibraryplotmarks.code.tex 2008/01/09 v2.10 (rcs-revision 1.1)

("C:\Program Files\MiKTeX 2.9\tex\generic\pgf\libraries\pgflibraryplotmarks.cod
e.tex"
File: pgflibraryplotmarks.code.tex 2010/10/15 v2.10 (rcs-revision 1.12)
))) ("C:\Program Files\MiKTeX 2.9\tex\latex\setspace\setspace.sty"
Package: setspace 2011/12/19 v6.7a set line spacing
)
("C:\Program Files\MiKTeX 2.9\tex\latex\tools\verbatim.sty"
Package: verbatim 2003/08/22 v1.5q LaTeX2e package for verbatim enhancements
\every@verbatim=\toks38
\verbatim@line=\toks39
\verbatim@in@stream=\read3
)
("C:\Program Files\MiKTeX 2.9\tex\generic\pgf\frontendlayer\tikz\libraries\tikz
librarycalc.code.tex"
File: tikzlibrarycalc.code.tex 2009/09/04 v2.10 (rcs-revision 1.6)
)
("C:\Program Files\MiKTeX 2.9\tex\generic\pgf\frontendlayer\tikz\libraries\tikz
librarymatrix.code.tex"
File: tikzlibrarymatrix.code.tex 2008/06/18 v2.10 (rcs-revision 1.2)
)
("C:\Program Files\MiKTeX 2.9\tex\latex\caption\caption.sty"
Package: caption 2013/05/02 v3.3-89 Customizing captions (AR)

("C:\Program Files\MiKTeX 2.9\tex\latex\caption\caption3.sty"
Package: caption3 2013/05/02 v1.6-88 caption3 kernel (AR)
Package caption3 Info: TeX engine: e-TeX on input line 57.
\captionmargin=\dimen187
\captionmargin@=\dimen188
\captionwidth=\dimen189
\caption@tempdima=\dimen190
\caption@indent=\dimen191
\caption@parindent=\dimen192
\caption@hangindent=\dimen193
)
\c@ContinuedFloat=\count303
)
("C:\Program Files\MiKTeX 2.9\tex\latex\amscls\amsthm.sty"
Package: amsthm 2004/08/06 v2.20
\thm@style=\toks40
\thm@bodyfont=\toks41
\thm@headfont=\toks42
\thm@notefont=\toks43
\thm@headpunct=\toks44
\thm@preskip=\skip72
\thm@postskip=\skip73
\thm@headsep=\skip74
\dth@everypar=\toks45
)
("C:\Program Files\MiKTeX 2.9\tex\latex\mh\mathtools.sty"
Package: mathtools 2013/02/12 v1.13 mathematical typesetting tools

("C:\Program Files\MiKTeX 2.9\tex\latex\tools\calc.sty"
Package: calc 2007/08/22 v4.3 Infix arithmetic (KKT,FJ)
\calc@Acount=\count304
\calc@Bcount=\count305
\calc@Adimen=\dimen194
\calc@Bdimen=\dimen195
\calc@Askip=\skip75
\calc@Bskip=\skip76
LaTeX Info: Redefining \setlength on input line 76.
LaTeX Info: Redefining \addtolength on input line 77.
\calc@Ccount=\count306
\calc@Cskip=\skip77
)
("C:\Program Files\MiKTeX 2.9\tex\latex\mh\mhsetup.sty"
Package: mhsetup 2010/01/21 v1.2a programming setup (MH)
)
LaTeX Info: Thecontrolsequence`\['isalreadyrobust on input line 129.
LaTeX Info: Thecontrolsequence`\]'isalreadyrobust on input line 129.
\g_MT_multlinerow_int=\count307
\l_MT_multwidth_dim=\dimen196
\origjot=\skip78
\l_MT_shortvdotswithinadjustabove_dim=\dimen197
\l_MT_shortvdotswithinadjustbelow_dim=\dimen198
\l_MT_above_intertext_sep=\dimen199
\l_MT_below_intertext_sep=\dimen200
\l_MT_above_shortintertext_sep=\dimen201
\l_MT_below_shortintertext_sep=\dimen202
)
("C:\Program Files\MiKTeX 2.9\tex\latex\enumitem\enumitem.sty"
Package: enumitem 2011/09/28 v3.5.2 Customized lists
\labelindent=\skip79
\enit@outerparindent=\dimen203
\enit@toks=\toks46
\enit@inbox=\box52
\enitdp@description=\count308
)
("C:\Program Files\MiKTeX 2.9\tex\generic\pgf\frontendlayer\tikz\libraries\tikz
libraryarrows.code.tex"
File: tikzlibraryarrows.code.tex 2008/01/09 v2.10 (rcs-revision 1.1)

("C:\Program Files\MiKTeX 2.9\tex\generic\pgf\libraries\pgflibraryarrows.code.t
ex"
File: pgflibraryarrows.code.tex 2008/10/27 v2.10 (rcs-revision 1.9)
\arrowsize=\dimen204
))
("C:\Program Files\MiKTeX 2.9\tex\generic\pgf\frontendlayer\tikz\libraries\tikz
libraryshapes.code.tex"
File: tikzlibraryshapes.code.tex 2008/01/09 v2.10 (rcs-revision 1.1)

("C:\Program Files\MiKTeX 2.9\tex\generic\pgf\frontendlayer\tikz\libraries\tikz
libraryshapes.geometric.code.tex"
File: tikzlibraryshapes.geometric.code.tex 2008/01/09 v2.10 (rcs-revision 1.1)

("C:\Program Files\MiKTeX 2.9\tex\generic\pgf\libraries\shapes\pgflibraryshapes
.geometric.code.tex"
File: pgflibraryshapes.geometric.code.tex 2008/06/26 v2.10 (rcs-revision 1.1)
))
("C:\Program Files\MiKTeX 2.9\tex\generic\pgf\frontendlayer\tikz\libraries\tikz
libraryshapes.misc.code.tex"
File: tikzlibraryshapes.misc.code.tex 2008/01/09 v2.10 (rcs-revision 1.1)

("C:\Program Files\MiKTeX 2.9\tex\generic\pgf\libraries\shapes\pgflibraryshapes
.misc.code.tex"
File: pgflibraryshapes.misc.code.tex 2008/10/07 v2.10 (rcs-revision 1.3)
))
("C:\Program Files\MiKTeX 2.9\tex\generic\pgf\frontendlayer\tikz\libraries\tikz
libraryshapes.symbols.code.tex"
File: tikzlibraryshapes.symbols.code.tex 2008/01/09 v2.10 (rcs-revision 1.1)

("C:\Program Files\MiKTeX 2.9\tex\generic\pgf\libraries\shapes\pgflibraryshapes
.symbols.code.tex"
File: pgflibraryshapes.symbols.code.tex 2009/10/27 v2.10 (rcs-revision 1.3)
))
("C:\Program Files\MiKTeX 2.9\tex\generic\pgf\frontendlayer\tikz\libraries\tikz
libraryshapes.arrows.code.tex"
File: tikzlibraryshapes.arrows.code.tex 2008/01/09 v2.10 (rcs-revision 1.1)

("C:\Program Files\MiKTeX 2.9\tex\generic\pgf\libraries\shapes\pgflibraryshapes
.arrows.code.tex"
File: pgflibraryshapes.arrows.code.tex 2008/06/26 v2.10 (rcs-revision 1.1)
))
("C:\Program Files\MiKTeX 2.9\tex\generic\pgf\frontendlayer\tikz\libraries\tikz
libraryshapes.callouts.code.tex"
("C:\Program Files\MiKTeX 2.9\tex\generic\pgf\libraries\shapes\pgflibraryshapes
.callouts.code.tex"))
("C:\Program Files\MiKTeX 2.9\tex\generic\pgf\frontendlayer\tikz\libraries\tikz
libraryshapes.multipart.code.tex"
File: tikzlibraryshapes.multipart.code.tex 2008/01/09 v2.10 (rcs-revision 1.1)

("C:\Program Files\MiKTeX 2.9\tex\generic\pgf\libraries\shapes\pgflibraryshapes
.multipart.code.tex"
File: pgflibraryshapes.multipart.code.tex 2010/01/07 v2.10 (rcs-revision 1.2)
\pgfnodepartlowerbox=\box53
\pgfnodeparttwobox=\box54
\pgfnodepartthreebox=\box55
\pgfnodepartfourbox=\box56
\pgfnodeparttwentybox=\box57
\pgfnodepartnineteenbox=\box58
\pgfnodeparteighteenbox=\box59
\pgfnodepartseventeenbox=\box60
\pgfnodepartsixteenbox=\box61
\pgfnodepartfifteenbox=\box62
\pgfnodepartfourteenbox=\box63
\pgfnodepartthirteenbox=\box64
\pgfnodeparttwelvebox=\box65
\pgfnodepartelevenbox=\box66
\pgfnodeparttenbox=\box67
\pgfnodepartninebox=\box68
\pgfnodeparteightbox=\box69
\pgfnodepartsevenbox=\box70
\pgfnodepartsixbox=\box71
\pgfnodepartfivebox=\box72
)))
("C:\Program Files\MiKTeX 2.9\tex\latex\hyperref\hyperref.sty"
Package: hyperref 2012/11/06 v6.83m Hypertext links for LaTeX

("C:\Program Files\MiKTeX 2.9\tex\generic\oberdiek\hobsub-hyperref.sty"
Package: hobsub-hyperref 2012/04/25 v1.12 Bundle oberdiek, subset hyperref (HO)


("C:\Program Files\MiKTeX 2.9\tex\generic\oberdiek\hobsub-generic.sty"
Package: hobsub-generic 2012/04/25 v1.12 Bundle oberdiek, subset generic (HO)
Package: hobsub 2012/04/25 v1.12 Construct package bundles (HO)
Package hobsub Info: Skipping package `infwarerr' (already loaded).
Package hobsub Info: Skipping package `ltxcmds' (already loaded).
Package hobsub Info: Skipping package `ifluatex' (already loaded).
Package: ifvtex 2010/03/01 v1.5 Detect VTeX and its facilities (HO)
Package ifvtex Info: VTeX not detected.
Package: intcalc 2007/09/27 v1.1 Expandable calculations with integers (HO)
Package: ifpdf 2011/01/30 v2.3 Provides the ifpdf switch (HO)
Package ifpdf Info: pdfTeX in PDF mode is detected.
Package hobsub Info: Skipping package `etexcmds' (already loaded).
Package hobsub Info: Skipping package `kvsetkeys' (already loaded).
Package: kvdefinekeys 2011/04/07 v1.3 Define keys (HO)
Package: pdftexcmds 2011/11/29 v0.20 Utility functions of pdfTeX for LuaTeX (HO
)
Package pdftexcmds Info: LuaTeX not detected.
Package pdftexcmds Info: \pdf@primitive is available.
Package pdftexcmds Info: \pdf@ifprimitive is available.
Package pdftexcmds Info: \pdfdraftmode found.
Package: pdfescape 2011/11/25 v1.13 Implements pdfTeX's escape features (HO)
Package: bigintcalc 2012/04/08 v1.3 Expandable calculations on big integers (HO
)
Package: bitset 2011/01/30 v1.1 Handle bit-vector datatype (HO)
Package: uniquecounter 2011/01/30 v1.2 Provide unlimited unique counter (HO)
)
Package hobsub Info: Skipping package `hobsub' (already loaded).
Package: letltxmacro 2010/09/02 v1.4 Let assignment for LaTeX macros (HO)
Package: hopatch 2011/06/24 v1.1 Wrapper for package hooks (HO)
Package: xcolor-patch 2011/01/30 xcolor patch
Package: atveryend 2011/06/30 v1.8 Hooks at the very end of document (HO)
Package: atbegshi 2011/10/05 v1.16 At begin shipout hook (HO)
Package: refcount 2011/10/16 v3.4 Data extraction from label references (HO)
Package: hycolor 2011/01/30 v1.7 Color options for hyperref/bookmark (HO)
)
("C:\Program Files\MiKTeX 2.9\tex\generic\ifxetex\ifxetex.sty"
Package: ifxetex 2010/09/12 v0.6 Provides ifxetex conditional
)
("C:\Program Files\MiKTeX 2.9\tex\latex\oberdiek\auxhook.sty"
Package: auxhook 2011/03/04 v1.3 Hooks for auxiliary files (HO)
)
\@linkdim=\dimen205
\Hy@linkcounter=\count309
\Hy@pagecounter=\count310

("C:\Program Files\MiKTeX 2.9\tex\latex\hyperref\pd1enc.def"
File: pd1enc.def 2012/11/06 v6.83m Hyperref: PDFDocEncoding definition (HO)
)
\Hy@SavedSpaceFactor=\count311

("C:\Program Files\MiKTeX 2.9\tex\latex\00miktex\hyperref.cfg"
File: hyperref.cfg 2002/06/06 v1.2 hyperref configuration of TeXLive
)
Package hyperref Info: Hyper figures OFF on input line 4443.
Package hyperref Info: Link nesting OFF on input line 4448.
Package hyperref Info: Hyper index ON on input line 4451.
Package hyperref Info: Plain pages OFF on input line 4458.
Package hyperref Info: Backreferencing OFF on input line 4463.
Package hyperref Info: Implicit mode ON; LaTeX internals redefined.
Package hyperref Info: Bookmarks ON on input line 4688.
\c@Hy@tempcnt=\count312
LaTeX Info: Redefining \url on input line 5041.
\XeTeXLinkMargin=\dimen206
\Fld@menulength=\count313
\Field@Width=\dimen207
\Fld@charsize=\dimen208
Package hyperref Info: Hyper figures OFF on input line 6295.
Package hyperref Info: Link nesting OFF on input line 6300.
Package hyperref Info: Hyper index ON on input line 6303.
Package hyperref Info: backreferencing OFF on input line 6310.
Package hyperref Info: Link coloring OFF on input line 6315.
Package hyperref Info: Link coloring with OCG OFF on input line 6320.
Package hyperref Info: PDF/A mode OFF on input line 6325.
LaTeX Info: Redefining \ref on input line 6365.
LaTeX Info: Redefining \pageref on input line 6369.
\Hy@abspage=\count314
\c@Item=\count315
\c@Hfootnote=\count316
)

Package hyperref Message: Driver (autodetected): hpdftex.

("C:\Program Files\MiKTeX 2.9\tex\latex\hyperref\hpdftex.def"
File: hpdftex.def 2012/11/06 v6.83m Hyperref driver for pdfTeX
\Fld@listcount=\count317
\c@bookmark@seq@number=\count318

("C:\Program Files\MiKTeX 2.9\tex\latex\oberdiek\rerunfilecheck.sty"
Package: rerunfilecheck 2011/04/15 v1.7 Rerun checks for auxiliary files (HO)
Package uniquecounter Info: New unique counter `rerunfilecheck' on input line 2
82.
)
\Hy@SectionHShift=\skip80
)
Package hyperref Info: Option `colorlinks' set `false' on input line 47.
Package biblatex Info: Trying to load language 'english'...
Package biblatex Info: ... file 'english.lbx' found.

("C:\Program Files\MiKTeX 2.9\tex\latex\biblatex\lbx\english.lbx"
File: english.lbx 2013/05/01 v2.6 biblatex localization (PK/JW/AB)
)
\@quotelevel=\count319
\@quotereset=\count320

("C:\Users\BY\Documents\GitHub\CO480-Project\CO480 Final Edition.aux")
LaTeX Font Info:    Checking defaults for OML/cmm/m/it on input line 48.
LaTeX Font Info:    ... okay on input line 48.
LaTeX Font Info:    Checking defaults for T1/cmr/m/n on input line 48.
LaTeX Font Info:    ... okay on input line 48.
LaTeX Font Info:    Checking defaults for OT1/cmr/m/n on input line 48.
LaTeX Font Info:    ... okay on input line 48.
LaTeX Font Info:    Checking defaults for OMS/cmsy/m/n on input line 48.
LaTeX Font Info:    ... okay on input line 48.
LaTeX Font Info:    Checking defaults for OMX/cmex/m/n on input line 48.
LaTeX Font Info:    ... okay on input line 48.
LaTeX Font Info:    Checking defaults for U/cmr/m/n on input line 48.
LaTeX Font Info:    ... okay on input line 48.
LaTeX Font Info:    Checking defaults for PD1/pdf/m/n on input line 48.
LaTeX Font Info:    ... okay on input line 48.

("C:\Program Files\MiKTeX 2.9\tex\context\base\supp-pdf.mkii"
[Loading MPS to PDF converter (version 2006.09.02).]
\scratchcounter=\count321
\scratchdimen=\dimen209
\scratchbox=\box73
\nofMPsegments=\count322
\nofMParguments=\count323
\everyMPshowfont=\toks47
\MPscratchCnt=\count324
\MPscratchDim=\dimen210
\MPnumerator=\count325
\makeMPintoPDFobject=\count326
\everyMPtoPDFconversion=\toks48
)
Package biblatex Info: No input encoding detected.
(biblatex)             Assuming 'ascii'.
Package biblatex Info: Automatic encoding selection.
(biblatex)             Assuming data encoding 'ascii'.
Package biblatex Info: Trying to load bibliographic data...
Package biblatex Info: ... file 'CO480*Final*Edition.bbl' not found.

No file CO480*Final*Edition.bbl.
Package biblatex Info: Reference section=0 on input line 48.
Package biblatex Info: Reference segment=0 on input line 48.
ABD: EveryShipout initializing macros
Package pgfplots notification 'compat/show suggested version=true': document ha
s been generated with the most recent feature set (\pgfplotsset{compat=1.8}).

Package caption Info: Begin \AtBeginDocument code.
Package caption Info: hyperref package is loaded.
Package caption Info: End \AtBeginDocument code.
\AtBeginShipoutBox=\box74
Package hyperref Info: Link coloring OFF on input line 48.
("C:\Program Files\MiKTeX 2.9\tex\latex\hyperref\nameref.sty"
Package: nameref 2012/10/27 v2.43 Cross-referencing by name of section

("C:\Program Files\MiKTeX 2.9\tex\generic\oberdiek\gettitlestring.sty"
Package: gettitlestring 2010/12/03 v1.4 Cleanup title references (HO)
)
\c@section@level=\count327
)
LaTeX Info: Redefining \ref on input line 48.
LaTeX Info: Redefining \pageref on input line 48.
LaTeX Info: Redefining \nameref on input line 48.

("C:\Users\BY\Documents\GitHub\CO480-Project\CO480 Final Edition.out")
("C:\Users\BY\Documents\GitHub\CO480-Project\CO480 Final Edition.out")
\@outlinefile=\write5
 [1

{C:/ProgramData/MiKTeX/2.9/pdftex/config/pdftex.map}]
("C:\Users\BY\Documents\GitHub\CO480-Project\CO480 Final Edition.toc"
LaTeX Font Info:    Try loading font information for U+msa on input line 5.

("C:\Program Files\MiKTeX 2.9\tex\latex\amsfonts\umsa.fd"
File: umsa.fd 2013/01/14 v3.01 AMS symbols A
)
LaTeX Font Info:    Try loading font information for U+msb on input line 5.

("C:\Program Files\MiKTeX 2.9\tex\latex\amsfonts\umsb.fd"
File: umsb.fd 2013/01/14 v3.01 AMS symbols B
))
\tf@toc=\write6
 [1]

Package hyperref Warning: Token not allowed in a PDF string (PDFDocEncoding):
(hyperref)                removing `\mathsurround' on input line 70.


Package hyperref Warning: Token not allowed in a PDF string (PDFDocEncoding):
(hyperref)                removing `\z@' on input line 70.


Package hyperref Warning: Token not allowed in a PDF string (PDFDocEncoding):
(hyperref)                removing `superscript' on input line 70.


LaTeX Warning: Citation '1' on page 1 undefined on input line 78.


LaTeX Warning: Citation '2' on page 1 undefined on input line 78.


Underfull \hbox (badness 10000) in paragraph at lines 78--79

 []


LaTeX Warning: Citation '3' on page 1 undefined on input line 80.


LaTeX Warning: Citation '3' on page 1 undefined on input line 80.


LaTeX Warning: Citation '3' on page 1 undefined on input line 80.


Underfull \hbox (badness 10000) in paragraph at lines 80--81

 []


LaTeX Warning: Citation '4' on page 1 undefined on input line 82.


LaTeX Warning: Citation '4' on page 1 undefined on input line 82.


LaTeX Warning: Citation '4' on page 1 undefined on input line 82.


Underfull \hbox (badness 10000) in paragraph at lines 82--83

 []


LaTeX Warning: Citation '5' on page 1 undefined on input line 84.


Underfull \hbox (badness 10000) in paragraph at lines 84--85

 []

pdfTeX warning (ext4): destination with the same identifier (name{page.1}) has 
been already used, duplicate ignored
<to be read again> 
                   \relax 
l.85 
      [1]

LaTeX Warning: Citation '6' on page 2 undefined on input line 86.


LaTeX Warning: Citation '7' on page 2 undefined on input line 86.


LaTeX Warning: Citation '8' on page 2 undefined on input line 86.


Underfull \hbox (badness 10000) in paragraph at lines 86--87

 []


Underfull \hbox (badness 10000) in paragraph at lines 88--89

 []


LaTeX Warning: Citation '9' on page 2 undefined on input line 94.


LaTeX Warning: Citation '10' on page 2 undefined on input line 94.


Underfull \hbox (badness 10000) in paragraph at lines 94--95

 []


LaTeX Warning: Citation '10' on page 2 undefined on input line 96.


LaTeX Warning: Citation '10' on page 2 undefined on input line 96.


Underfull \hbox (badness 10000) in paragraph at lines 96--97

 []


LaTeX Warning: Citation '11' on page 2 undefined on input line 98.


LaTeX Warning: Citation '12' on page 2 undefined on input line 98.


LaTeX Warning: Citation '11' on page 2 undefined on input line 98.


LaTeX Warning: Citation '11' on page 2 undefined on input line 98.

[2]

LaTeX Warning: Citation '13' on page 3 undefined on input line 102.


LaTeX Warning: Citation '13' on page 3 undefined on input line 102.


LaTeX Warning: Citation '14' on page 3 undefined on input line 102.


Underfull \hbox (badness 10000) in paragraph at lines 102--103

 []


LaTeX Warning: Citation '15' on page 3 undefined on input line 104.


LaTeX Warning: Citation '15' on page 3 undefined on input line 104.


LaTeX Warning: Citation '15' on page 3 undefined on input line 104.


Underfull \hbox (badness 10000) in paragraph at lines 104--105

 []


LaTeX Warning: Citation '16' on page 3 undefined on input line 106.


LaTeX Warning: Citation '17' on page 3 undefined on input line 106.


Underfull \hbox (badness 10000) in paragraph at lines 106--107

 []


LaTeX Warning: Citation '18' on page 3 undefined on input line 108.


LaTeX Warning: Citation '19' on page 3 undefined on input line 108.


LaTeX Warning: Citation '19' on page 3 undefined on input line 108.


Underfull \hbox (badness 10000) in paragraph at lines 108--109

 []

[3]

LaTeX Warning: Citation '20' on page 4 undefined on input line 110.


LaTeX Warning: Citation '20' on page 4 undefined on input line 110.


Underfull \hbox (badness 10000) in paragraph at lines 114--115

 []


LaTeX Warning: Citation '21' on page 4 undefined on input line 116.


Underfull \hbox (badness 10000) in paragraph at lines 116--117

 []

Missing character: There is no  in font cmr12!
Missing character: There is no  in font cmr12!
Missing character: There is no  in font cmr12!

Underfull \hbox (badness 10000) in paragraph at lines 118--119

 []

Missing character: There is no  in font cmr12!
Missing character: There is no  in font cmr12!
Missing character: There is no  in font cmr12!

LaTeX Warning: Citation '22' on page 4 undefined on input line 120.


Underfull \hbox (badness 10000) in paragraph at lines 120--121

 []

[4]

LaTeX Warning: Citation '23' on page 5 undefined on input line 122.


Underfull \hbox (badness 10000) in paragraph at lines 122--123

 []


LaTeX Warning: Citation '24' on page 5 undefined on input line 126.


Underfull \hbox (badness 10000) in paragraph at lines 128--129

 []


Underfull \hbox (badness 10000) in paragraph at lines 130--131

 []


LaTeX Warning: Citation '24' on page 5 undefined on input line 132.


Underfull \hbox (badness 10000) in paragraph at lines 132--133

 []

[5]
Underfull \hbox (badness 10000) in paragraph at lines 134--135

 []


Underfull \hbox (badness 10000) in paragraph at lines 140--141

 []


Underfull \hbox (badness 10000) in paragraph at lines 142--143

 []

Missing character: There is no  in font cmr12!
Missing character: There is no  in font cmr12!
Missing character: There is no  in font cmr12!

LaTeX Warning: Citation '24' on page 6 undefined on input line 144.


Underfull \hbox (badness 10000) in paragraph at lines 144--145

 []

[6]
Underfull \hbox (badness 10000) in paragraph at lines 146--147

 []


Underfull \hbox (badness 10000) in paragraph at lines 152--153

 []


Underfull \hbox (badness 10000) in paragraph at lines 154--155

 []

[7]
Underfull \hbox (badness 10000) in paragraph at lines 156--157

 []


Underfull \hbox (badness 10000) in paragraph at lines 162--163

 []


Underfull \hbox (badness 10000) in paragraph at lines 164--165

 []

[8]
Underfull \hbox (badness 10000) in paragraph at lines 170--171

 []


Underfull \hbox (badness 10000) in paragraph at lines 172--173

 []


Underfull \hbox (badness 10000) in paragraph at lines 174--175

 []


Underfull \hbox (badness 10000) in paragraph at lines 176--177

 []

[9]

LaTeX Warning: Citation '25' on page 10 undefined on input line 182.


LaTeX Warning: Citation '25' on page 10 undefined on input line 182.


LaTeX Warning: Citation '28' on page 10 undefined on input line 184.


LaTeX Warning: Citation '26' on page 10 undefined on input line 187.


LaTeX Warning: Citation '27' on page 10 undefined on input line 187.


Underfull \hbox (badness 10000) in paragraph at lines 187--188

 []


Underfull \hbox (badness 10000) in paragraph at lines 197--198

 []


Underfull \hbox (badness 10000) in paragraph at lines 199--200

 []


Underfull \hbox (badness 10000) in paragraph at lines 201--202

 []

[10]
Underfull \hbox (badness 10000) in paragraph at lines 206--207

 []


Underfull \hbox (badness 10000) in paragraph at lines 216--217

 []


Underfull \hbox (badness 10000) in paragraph at lines 218--219

 []


Underfull \hbox (badness 10000) in paragraph at lines 222--223

 []


Underfull \hbox (badness 10000) in paragraph at lines 226--227

 []

[11]
LaTeX Font Info:    Try loading font information for OMS+cmr on input line 250.

 ("C:\Program Files\MiKTeX 2.9\tex\latex\base\omscmr.fd"
File: omscmr.fd 1999/05/25 v2.5h Standard LaTeX font definitions
)
LaTeX Font Info:    Font shape `OMS/cmr/m/n' in size <12> not available
(Font)              Font shape `OMS/cmsy/m/n' tried instead on input line 250.
 [12] [13]
Underfull \hbox (badness 10000) in paragraph at lines 323--324

 []


Underfull \hbox (badness 10000) in paragraph at lines 331--332

 []


Underfull \hbox (badness 10000) in paragraph at lines 357--358

 []


Underfull \hbox (badness 10000) in paragraph at lines 359--360

 []


Underfull \hbox (badness 10000) in paragraph at lines 361--362

 []

[14]
Underfull \hbox (badness 10000) in paragraph at lines 379--380

 []

LaTeX Font Info:    Try loading font information for U+bbm on input line 386.
("C:\Program Files\MiKTeX 2.9\tex\latex\bbm\ubbm.fd"
File: ubbm.fd 1999/03/15 V 1.2 Font definition for bbm font - TH
)
Underfull \hbox (badness 10000) in paragraph at lines 385--387

 []


Underfull \hbox (badness 10000) in paragraph at lines 393--394

 []

[15]
Overfull \hbox (49.76236pt too wide) in paragraph at lines 399--400
\OT1/cmr/m/n/12 As in the pure strat-egy case $(\OML/cmm/m/it/12 x[]; []\OT1/cm
r/m/n/12 )$ rep-re-sents the mixed strat-egy pro-file $\OML/cmm/m/it/12 x \OT1/
cmr/m/n/12 = (\OML/cmm/m/it/12 x[]; ::x[]; []; x[]; :::; x[]\OT1/cmr/m/n/12 )$
 []


Underfull \hbox (badness 10000) in paragraph at lines 399--400

 []


Underfull \hbox (badness 10000) in paragraph at lines 401--402

 []


Underfull \hbox (badness 10000) in paragraph at lines 417--419

 []


Underfull \hbox (badness 10000) in paragraph at lines 440--441

 []

[16]
Underfull \hbox (badness 10000) in paragraph at lines 454--455

 []


LaTeX Warning: Citation '29' on page 17 undefined on input line 462.

Missing character: There is no  in font cmr12!
Missing character: There is no  in font cmr12!
Missing character: There is no  in font cmr12!

LaTeX Warning: Citation '26' on page 17 undefined on input line 473.

Missing character: There is no  in font cmr12!
Missing character: There is no  in font cmr12!
Missing character: There is no  in font cmr12!

Underfull \hbox (badness 10000) in paragraph at lines 477--478

 []

[17]
Underfull \hbox (badness 10000) in paragraph at lines 479--480

 []


Underfull \hbox (badness 10000) in paragraph at lines 488--489

 []


Underfull \hbox (badness 10000) in paragraph at lines 490--495

 []


Underfull \hbox (badness 10000) in paragraph at lines 496--497

 []


Underfull \hbox (badness 10000) in paragraph at lines 498--499

 []


Underfull \hbox (badness 10000) in paragraph at lines 504--505

 []

[18]
Underfull \hbox (badness 10000) in paragraph at lines 518--519

 []


Underfull \hbox (badness 10000) in paragraph at lines 522--523

 []


LaTeX Warning: Citation '26' on page 19 undefined on input line 526.


Underfull \hbox (badness 10000) in paragraph at lines 534--535

 []


Underfull \hbox (badness 10000) in paragraph at lines 536--537

 []


Underfull \hbox (badness 10000) in paragraph at lines 543--544

 []

[19]

LaTeX Warning: Citation '29' on page 20 undefined on input line 547.


Underfull \hbox (badness 10000) in paragraph at lines 547--548

 []


Underfull \hbox (badness 10000) in paragraph at lines 549--550

 []


Underfull \hbox (badness 10000) in paragraph at lines 551--552

 []


Underfull \hbox (badness 10000) in paragraph at lines 556--557

 []


Underfull \hbox (badness 10000) in paragraph at lines 558--559

 []


Underfull \hbox (badness 10000) in paragraph at lines 560--561

 []


Underfull \hbox (badness 10000) in paragraph at lines 566--567

 []


Underfull \hbox (badness 10000) in paragraph at lines 573--574

 []

[20]
Underfull \hbox (badness 10000) in paragraph at lines 590--591

 []

[21]
Missing character: There is no  in font cmr12!
Missing character: There is no  in font cmr12!
Missing character: There is no  in font cmr12!

Underfull \hbox (badness 5954) in paragraph at lines 605--606
[]\OT1/cmr/m/n/12 Trueman, C. (n.d.). League of Na-tions Fail-ures - His-tory L
earn-ing Site.
 []


Underfull \hbox (badness 10000) in paragraph at lines 605--606
\OT1/cmr/m/n/12 Re-trieved June 20, 2015, from []$\OT1/cmtt/m/n/12 http : / / w
ww . historylearningsite . co . uk /$
 []

Missing character: There is no  in font cmr12!
Missing character: There is no  in font cmr12!
Missing character: There is no  in font cmr12!
Missing character: There is no  in font cmr12!
Missing character: There is no  in font cmr12!
Missing character: There is no  in font cmr12!
[22]
Underfull \hbox (badness 10000) in paragraph at lines 618--619
[]\OT1/cmr/m/n/12 Korean War. (2009). Re-trieved June 13, 2015, from
 []


Underfull \hbox (badness 10000) in paragraph at lines 619--620
[]\OT1/cmr/m/n/12 Oh, J., & Latham, A. (n.d.). Sen-a-tor Joseph Mc-Carthy, Mc-
 []


Underfull \hbox (badness 10000) in paragraph at lines 619--620
\OT1/cmr/m/n/12 Carthy-ism, and The Witch Hunt. Re-trieved June 27, 2015, from
 []


Underfull \hbox (badness 10000) in paragraph at lines 628--629
[]\OT1/cmr/m/n/12 Press Re-lease. (1994). Re-trieved June 28, 2015, from
 []

Package atveryend Info: Empty hook `BeforeClearDocument' on input line 637.
[23]
Package atveryend Info: Empty hook `AfterLastShipout' on input line 637.
 ("C:\Users\BY\Documents\GitHub\CO480-Project\CO480 Final Edition.aux")
Package atveryend Info: Executing hook `AtVeryEndDocument' on input line 637.
Package atveryend Info: Executing hook `AtEndAfterFileList' on input line 637.
Package rerunfilecheck Info: File `CO480*Final*Edition.out' has not changed.
(rerunfilecheck)             Checksum: <no file>.


LaTeX Warning: There were undefined references.


Package biblatex Warning: Please (re)run Biber on the file:
(biblatex)                CO480*Final*Edition
(biblatex)                and rerun LaTeX afterwards.

Package logreq Info: Writing requests to 'CO480*Final*Edition.run.xml'.
 ) 
Here is how much of TeX's memory you used:
 32847 strings out of 493921
 694429 string characters out of 3147292
 1214401 words of memory out of 3000000
 35424 multiletter control sequences out of 15000+200000
 13630 words of font info for 54 fonts, out of 3000000 for 9000
 841 hyphenation exceptions out of 8191
 63i,15n,74p,1165b,844s stack positions out of 5000i,500n,10000p,200000b,50000s
 <C:\Users\BY\AppData\Local\MiKTeX\2.9\fonts\pk\ljfour\public\bbm\dpi600\bbm1
2.pk><C:/Program Files/MiKTeX 2.9/fonts/type1/public/amsfonts/cm/cmbx10.pfb><C:
/Program Files/MiKTeX 2.9/fonts/type1/public/amsfonts/cm/cmbx12.pfb><C:/Program
 Files/MiKTeX 2.9/fonts/type1/public/amsfonts/cm/cmex10.pfb><C:/Program Files/M
iKTeX 2.9/fonts/type1/public/amsfonts/cm/cmmi12.pfb><C:/Program Files/MiKTeX 2.
9/fonts/type1/public/amsfonts/cm/cmmi6.pfb><C:/Program Files/MiKTeX 2.9/fonts/t
ype1/public/amsfonts/cm/cmmi8.pfb><C:/Program Files/MiKTeX 2.9/fonts/type1/publ
ic/amsfonts/cm/cmr12.pfb><C:/Program Files/MiKTeX 2.9/fonts/type1/public/amsfon
ts/cm/cmr8.pfb><C:/Program Files/MiKTeX 2.9/fonts/type1/public/amsfonts/cm/cmsy
10.pfb><C:/Program Files/MiKTeX 2.9/fonts/type1/public/amsfonts/cm/cmsy6.pfb><C
:/Program Files/MiKTeX 2.9/fonts/type1/public/amsfonts/cm/cmsy8.pfb><C:/Program
 Files/MiKTeX 2.9/fonts/type1/public/amsfonts/cm/cmti12.pfb><C:/Program Files/M
iKTeX 2.9/fonts/type1/public/amsfonts/cm/cmtt12.pfb><C:/Program Files/MiKTeX 2.
9/fonts/type1/public/amsfonts/symbols/msam10.pfb><C:/Program Files/MiKTeX 2.9/f
onts/type1/public/amsfonts/symbols/msbm10.pfb>
Output written on "CO480 Final Edition.pdf" (25 pages, 286608 bytes).
PDF statistics:
 448 PDF objects out of 1000 (max. 8388607)
 105 named destinations out of 1000 (max. 500000)
 229 words of extra memory for PDF output out of 10000 (max. 10000000)

